<?xml version="1.0" encoding="UTF-8"?>
<testsuite xmlns:xsi="http://www.w3.org/2001/XMLSchema-instance" xsi:noNamespaceSchemaLocation="https://maven.apache.org/surefire/maven-surefire-plugin/xsd/surefire-test-report.xsd" name="TestSuite" time="57.989" tests="5" errors="0" skipped="0" failures="2">
  <properties>
[...]
</properties>
  <testcase name="Flip1" classname="commerce.test.Flipframework.fliptesting" time="11.365"/>
  <testcase name="flipzyt" classname="commerce.test.Flipframework.fliptest55" time="14.687">
    <failure message="invalid selector: Unable to locate an element with the xpath expression (//div[text()=&apos;Discover Premier Inn&apos;])[2&quot;] because of the following error:&#10;SyntaxError: Failed to execute &apos;evaluate&apos; on &apos;Document&apos;: The string &apos;(//div[text()=&apos;Discover Premier Inn&apos;])[2&quot;]&apos; is not a valid XPath expression.&#10;  (Session info: chrome=114.0.5735.199)&#10;For documentation on this error, please visit: https://www.selenium.dev/documentation/webdriver/troubleshooting/errors#invalid-selector-exception&#10;Build info: version: &apos;4.10.0&apos;, revision: &apos;c14d967899&apos;&#10;System info: os.name: &apos;Windows 10&apos;, os.arch: &apos;amd64&apos;, os.version: &apos;10.0&apos;, java.version: &apos;17.0.6&apos;&#10;Driver info: org.openqa.selenium.chrome.ChromeDriver&#10;Command: [5feefee58ff54205f653b13ea111c0a1, findElement {using=xpath, value=(//div[text()=&apos;Discover Premier Inn&apos;])[2&quot;]}]&#10;Capabilities {acceptInsecureCerts: false, browserName: chrome, browserVersion: 114.0.5735.199, chrome: {chromedriverVersion: 114.0.5735.90 (386bc09e8f4f..., userDataDir: C:\Users\USERPC~1\AppData\L...}, goog:chromeOptions: {debuggerAddress: localhost:58130}, networkConnectionEnabled: false, pageLoadStrategy: normal, platformName: windows, proxy: Proxy(), se:cdp: ws://localhost:58130/devtoo..., se:cdpVersion: 114.0.5735.199, setWindowRect: true, strictFileInteractability: false, timeouts: {implicit: 0, pageLoad: 300000, script: 30000}, unhandledPromptBehavior: dismiss and notify, webauthn:extension:credBlob: true, webauthn:extension:largeBlob: true, webauthn:extension:minPinLength: true, webauthn:extension:prf: true, webauthn:virtualAuthenticators: true}&#10;Session ID: 5feefee58ff54205f653b13ea111c0a1" type="org.openqa.selenium.InvalidSelectorException">org.openqa.selenium.InvalidSelectorException: 
invalid selector: Unable to locate an element with the xpath expression (//div[text()='Discover Premier Inn'])[2"] because of the following error:
SyntaxError: Failed to execute 'evaluate' on 'Document': The string '(//div[text()='Discover Premier Inn'])[2"]' is not a valid XPath expression.
  (Session info: chrome=114.0.5735.199)
For documentation on this error, please visit: https://www.selenium.dev/documentation/webdriver/troubleshooting/errors#invalid-selector-exception
Build info: version: '4.10.0', revision: 'c14d967899'
System info: os.name: 'Windows 10', os.arch: 'amd64', os.version: '10.0', java.version: '17.0.6'
Driver info: org.openqa.selenium.chrome.ChromeDriver
Command: [5feefee58ff54205f653b13ea111c0a1, findElement {using=xpath, value=(//div[text()='Discover Premier Inn'])[2"]}]
Capabilities {acceptInsecureCerts: false, browserName: chrome, browserVersion: 114.0.5735.199, chrome: {chromedriverVersion: 114.0.5735.90 (386bc09e8f4f..., userDataDir: C:\Users\USERPC~1\AppData\L...}, goog:chromeOptions: {debuggerAddress: localhost:58130}, networkConnectionEnabled: false, pageLoadStrategy: normal, platformName: windows, proxy: Proxy(), se:cdp: ws://localhost:58130/devtoo..., se:cdpVersion: 114.0.5735.199, setWindowRect: true, strictFileInteractability: false, timeouts: {implicit: 0, pageLoad: 300000, script: 30000}, unhandledPromptBehavior: dismiss and notify, webauthn:extension:credBlob: true, webauthn:extension:largeBlob: true, webauthn:extension:minPinLength: true, webauthn:extension:prf: true, webauthn:virtualAuthenticators: true}
Session ID: 5feefee58ff54205f653b13ea111c0a1
	at commerce.test.Flipframework.fliptest55.flipzyt(fliptest55.java:27)
</failure>
    <system-out><![CDATA[Create a My Premier Inn account
]]></system-out>
    <system-err><![CDATA[Jul 07, 2023 1:38:50 PM org.openqa.selenium.remote.service.DriverService$Builder getLogOutput
INFO: Driver logs no longer sent to console by default; https://www.selenium.dev/documentation/webdriver/drivers/service/#setting-log-output
]]></system-err>
  </testcase>
  <testcase name="flipd" classname="commerce.test.Flipframework.flipdro" time="10.519"/>
  <testcase name="flip2" classname="commerce.test.Flipframework.Fliptest2" time="10.356"/>
  <testcase name="flipz4" classname="commerce.test.Flipframework.fliptest4" time="10.27">
    <failure message="element click intercepted: Element &lt;input type=&quot;submit&quot; name=&quot;submit&quot; value=&quot;Submit&quot;&gt; is not clickable at point (746, 347). Other element would receive the click: &lt;div id=&quot;gdpr-consent-tool-wrapper&quot; tabindex=&quot;-1&quot; aria-hidden=&quot;false&quot; role=&quot;presentation&quot; style=&quot;position: fixed; width: 100%; height: 100%; top: 0px; left: 0px; z-index: 2147483647; background: rgba(0, 0, 0, 0.5);&quot;&gt;...&lt;/div&gt;&#10;  (Session info: chrome=114.0.5735.199)&#10;Build info: version: &apos;4.10.0&apos;, revision: &apos;c14d967899&apos;&#10;System info: os.name: &apos;Windows 10&apos;, os.arch: &apos;amd64&apos;, os.version: &apos;10.0&apos;, java.version: &apos;17.0.6&apos;&#10;Driver info: org.openqa.selenium.chrome.ChromeDriver&#10;Command: [98539af9c5235c3b638c056bee42b8b6, clickElement {id=5EC8EAC1026A62FEC6122B95C57ACFBF_element_38}]&#10;Capabilities {acceptInsecureCerts: false, browserName: chrome, browserVersion: 114.0.5735.199, chrome: {chromedriverVersion: 114.0.5735.90 (386bc09e8f4f..., userDataDir: C:\Users\USERPC~1\AppData\L...}, goog:chromeOptions: {debuggerAddress: localhost:58316}, networkConnectionEnabled: false, pageLoadStrategy: normal, platformName: windows, proxy: Proxy(), se:cdp: ws://localhost:58316/devtoo..., se:cdpVersion: 114.0.5735.199, setWindowRect: true, strictFileInteractability: false, timeouts: {implicit: 0, pageLoad: 300000, script: 30000}, unhandledPromptBehavior: dismiss and notify, webauthn:extension:credBlob: true, webauthn:extension:largeBlob: true, webauthn:extension:minPinLength: true, webauthn:extension:prf: true, webauthn:virtualAuthenticators: true}&#10;Element: [[ChromeDriver: chrome on windows (98539af9c5235c3b638c056bee42b8b6)] -&gt; name: submit]&#10;Session ID: 98539af9c5235c3b638c056bee42b8b6" type="org.openqa.selenium.ElementClickInterceptedException"><![CDATA[org.openqa.selenium.ElementClickInterceptedException: 
element click intercepted: Element <input type="submit" name="submit" value="Submit"> is not clickable at point (746, 347). Other element would receive the click: <div id="gdpr-consent-tool-wrapper" tabindex="-1" aria-hidden="false" role="presentation" style="position: fixed; width: 100%; height: 100%; top: 0px; left: 0px; z-index: 2147483647; background: rgba(0, 0, 0, 0.5);">...</div>
  (Session info: chrome=114.0.5735.199)
Build info: version: '4.10.0', revision: 'c14d967899'
System info: os.name: 'Windows 10', os.arch: 'amd64', os.version: '10.0', java.version: '17.0.6'
Driver info: org.openqa.selenium.chrome.ChromeDriver
Command: [98539af9c5235c3b638c056bee42b8b6, clickElement {id=5EC8EAC1026A62FEC6122B95C57ACFBF_element_38}]
Capabilities {acceptInsecureCerts: false, browserName: chrome, browserVersion: 114.0.5735.199, chrome: {chromedriverVersion: 114.0.5735.90 (386bc09e8f4f..., userDataDir: C:\Users\USERPC~1\AppData\L...}, goog:chromeOptions: {debuggerAddress: localhost:58316}, networkConnectionEnabled: false, pageLoadStrategy: normal, platformName: windows, proxy: Proxy(), se:cdp: ws://localhost:58316/devtoo..., se:cdpVersion: 114.0.5735.199, setWindowRect: true, strictFileInteractability: false, timeouts: {implicit: 0, pageLoad: 300000, script: 30000}, unhandledPromptBehavior: dismiss and notify, webauthn:extension:credBlob: true, webauthn:extension:largeBlob: true, webauthn:extension:minPinLength: true, webauthn:extension:prf: true, webauthn:virtualAuthenticators: true}
Element: [[ChromeDriver: chrome on windows (98539af9c5235c3b638c056bee42b8b6)] -> name: submit]
Session ID: 98539af9c5235c3b638c056bee42b8b6
	at commerce.test.Flipframework.fliptest4.flipz4(fliptest4.java:19)
]]></failure>
    <system-out><![CDATA[Delete Customer
]]></system-out>
    <system-err><![CDATA[Jul 07, 2023 1:39:26 PM org.openqa.selenium.remote.service.DriverService$Builder getLogOutput
INFO: Driver logs no longer sent to console by default; https://www.selenium.dev/documentation/webdriver/drivers/service/#setting-log-output
]]></system-err>
  </testcase>
</testsuite>